README	9d35041	4733
amplfunc.def	f433246a	105
amplfunc.lnk	1209e237	111
funcadd.c	ee299509	6789
funcadd0.c	ee0ae780	1392
funcaddk.c	18ed02b3	6334
funcout.exp	efd599ef	12
htest.out	2cbb8a8	181
htest.x	16462409	131
libmain.c	e849f61f	103
makefile.alpha	e17321ca	408
makefile.cygwin	f1ddd440	404
makefile.freebsd	ed791fcd	388
makefile.hp	eb62f712	414
makefile.i386solaris	f32a56c7	382
makefile.krsolaris	e19ccd87	473
makefile.lcc	1baab851	252
makefile.linux	1af166d7	391
makefile.macosx	3c329df	419
makefile.rs6k	40dfe8d	872
makefile.sgi	613c274	381
makefile.solaris	941e9c7	388
makefile.sunos	6238e91	686
makefile.vc	e84194f0	674
makefile.wat	ec66f6b2	607
makefile.xsum	fcb0a6d9	546
outargex.c	f32c25a5	4132
outargex.run	1e4bc9c3	1131
silly.2	e8f0d301	31
silly.out	2ed2727	734
silly.x	4b7f3af	1419
