README	1f1dbca8	10073
README.f77	f243657a	1891
amplsolv.lbc	f309a0c2	1023
amplsolv.sy	f35a1599	1229
arith.ibm	f398be2b	1391
arith.h0	e206209c	2309
arithchk.c	e460ec03	5299
asl.h	e45eea9d	38510
asl_pfg.h	6483336	1268
asl_pfgh.h	49b5a53	1288
asldate.c	fb82ca76	29
atof.c	1fabc7d3	1747
auxinfo.c	1a3c8690	1488
avltree.c	10aeaa58	11346
avltree.h	69333da	4693
b_search.c	1dd2656e	3166
basename.c	e48c8248	1505
bscanf.c	f35108ae	4931
com2eval.c	cee65c1	11145
comeval.c	f3f26fb1	2700
comptry.bat	ef716235	77
con1ival.c	f6e91973	4827
con2ival.c	e7f57d43	4841
con2val.c	10678216	4633
conadj.c	bb213ed	2040
configure	1679ad6	1706
configurehere	1f384d7	1690
conpval.c	f991fd0c	17014
conscale.c	9a0f9de	3482
conval.c	29180c4	4333
derprop.c	e1181b02	1359
details.c0	fa7ec7b3	182
dtoa.c	fa31aa7a	89151
dtoa1.c	10bc1f6d	3280
duthes.c	ea8758e9	3635
dvalue.hd	fedc7579	1104
dynlink.c	f185cc89	1375
errchk.h	18e45db4	1786
f_read.c	15b643cc	1227
fg_read.c	fa025108	36848
fg_write.c	e3ec5f71	17459
fgh_read.c	836ac9e	34312
float.h0	11d95cda	1822
fpecatch.c	e1d8a914	1574
fpinit.c	356fa7d	5237
fpinitmt.c	1ba844c2	4928
fpsetprec.s	1d0b2972	535
fpsetprec64.s	987339e	488
fullhes.c	eeea81e	3978
func_add.c	f0fbaf4e	11444
funcadd.c	f4e86ce3	3493
funcadd.h	e7900b69	15627
funcadd0.c	10310942	1338
funcadd1.c	f41386d3	9944
funcaddk.c	1913fb94	3359
funcaddr.c	fc16b89a	1197
g_fmt.c	efcfdd3b	3452
genrowno.c	1a8171dc	1805
getenv.c	e86c81a2	1466
getstub.c	192f3d7	11240
getstub.h	e962d0f5	6791
htcl.c	ea2bb913	2277
indic_cons.c	e45bd5ff	13062
jac0dim.c	e161a2f5	6964
jac2dim.c	e257e813	1682
jac2dim.h	fb302fa6	2057
jacdim.c	ed5566c3	2109
jacinc.c	ff3107eb	2275
jacinc1.c	eef7e5a6	1998
jacpdim.h	ea424f77	2266
libnamsave.c	f0184dd6	117
mach.c	ea56afd	2026
mainexit.c	e4761b9b	1713
makefile.lc	e643ce87	5696
makefile.sy	e049f50a	5241
makefile.u	13334c7e	10811
makefile.vc	eae0c796	7263
makefile.wat	1b02332b	5535
mip_pri.c	f1dd1d47	7887
misc.c	f4a39c51	21499
mpec_adj.c	e172a389	9468
mpec_adj0.c	efb8be74	70
mypow.c	1571ef65	2294
names.c	18cc1663	3972
nl_obj.c	faef2e84	2054
nlp.h	f94bd3fd	5474
nlp2.h	e685079d	7241
nqpcheck.c	bab37a	17872
obj2val.c	cd51a21	4255
obj_adj.c	190a82bc	11926
obj_adj.h	e6f50422	1995
obj_adj0.c	ffe042be	67
obj_prec.c	fd065560	1440
objconst.c	11aa4770	2257
objval.c	1ba4b273	5294
objval_.c	ec083d84	3515
op_type.c	f0c0c4a8	1255
op_type.hd	46993b1	1265
op_typeb.hd	e07423bd	1265
opcode.hd	fa56de9c	1326
opnos.hd	1a7c2f8d	78
pfg_read.c	395eff3	96146
pfghread.c	f64fe1a4	1261
printf.c	3c002b0	23620
pshvprod.c	2ebfa50	20824
psinfo.h	1d93b2e4	9730
punknown.c	fa46cf10	1704
qp_read.c	dfbea40	3861
qpcheck.c	16ec2d20	1782
qsortv.c	14eac08c	4858
r_op.hd	128e5aec	875
r_opn.hd	ebeac2d1	412
r_opn0.hd	728330d	342
r_qp.hd	ed73d1c5	164
readsol.c	eab56ecb	8145
repwhere.c	fc20b67f	10009
rnd_prod.s	f4996bed	1471
rops.c	ea67557e	18946
rops2.c	2285575	20090
sigcatch.c	e883ab2	2372
sjac0dim.c	ff686adb	1546
sos_add.c	fb5da0e8	23060
sphes.c	f2074e19	26045
sprintf.c	e6ce1d45	3050
sscanf.c	e8b1a5c0	2932
stderr.c	a5a3dcf	2112
stdio1.h0	e6e5dc11	2909
strerror.c	1c5c813a	1362
studchk0.c	d87e575	1388
suf_sos.c	ea216777	11635
value.c	6854152	5847
writesol.c	f33430f2	12056
wrtsol_.c	e8b23ad5	2429
ws_desc.c	fceb8f65	214
wsu_desc.c	fbb1c30c	170
x2check.c	fdc7785b	2286
xectim.c	1bd15ab6	3280
xp1known.c	57fd7db	3593
xp2known.c	83268c	6331
