README	10f02af0	4679
README.gjh	f7831fa4	21107
amplfun4.c	f5166977	5414
amplfunc.c	ce3bf76	6658
dminos	84cc26b	251
dualconv.c	eb55ba16	17596
enewt.m	f7be0c71	5356
evalchk.c	e68d2016	4231
evalf.m	fd13aa04	1697
evalg.m	a3f0775	1505
evalw.m	ef935ae5	1477
fmng1.f	e14e7d8d	2897
fnl21.f	ebc2e72f	3131
gjh.c	e5353e2c	6193
hist.c	ad3cbf	5116
hkeywds.c	eb4d4fce	53
init.m	156f1d30	2786
keywds.c	624ef49	6758
lin1.c	eb9778a	2275
lin2.c	fe2df350	2322
lin3.c	13e37cae	2726
linrc.c	ffb5438	4508
makefile.sy	aa6ad36	5759
makefile.u	f6903e30	8044
makefile.vc	fd1266e	5481
makefile.wat	e30cd23f	5352
mng.c	a9366c3	3574
mng1.c	c56154e	2598
mnh.c	eeaa3b61	5409
nl2.c	f1527e27	4090
nl21.c	16b14f97	4098
nlcopy.c	1fb83402	6654
qtest.c	ee5052d0	3519
rvmsg.c	160c0263	3756
rvmsg.h	11021ce	1868
savesol.m	1f5724b9	1675
spamfunc.c	1644a306	7233
tnmain.c	fd38f276	5444
v8.c	e75a64bb	35
ve08.c	edb04b54	16436
diet.amp	ea1cb539	1156
diet.nl	ea386c63	887
diet.row	f4e30db2	53
diet.col	15bf48ad	90
dietl1.out	175f0d86	629
dietl2.out	ef20ccc1	700
dietl3.out	d96fdfd	819
dietd.nl	f66ad5a3	788
diet.sol	eba3b761	372
dietd.sol	f9807394	550
dietu.sol	68360ca	211
ch3.amp	f3d7e506	870
ch3.nl	efb38008	2143
ch3mng.out	12dfcb09	1386
ch3mng.sol	ec2c217e	234
ch3mnh.out	efb1084b	1224
ch3mnh.sol	ba28935	218
ch3nl21.out	e0b71e41	1117
ch3nl2.out	13d97c2d	1640
ch3nl2.sol	3f745a4	220
ch3qtest.out	18d231f3	270
ch3tn.out	ff98d646	420
ch3tn.sol	7d390f3	161
hs100.amp	181c32a6	382
hs100.nl	e7b4b9e4	946
hs100.so0	51862af	306
lin1diet.out	175f0d86	629
lin2diet.out	ef20ccc1	700
lin3diet.out	d96fdfd	819
linrcdie.out	f4355703	1076
v8ch3.out	ec52d906	720
ve08ch3.out	19ffd58e	569
