README	1f1dbca8	10073
README.f77	f243657a	1891
amplsolv.lbc	1461e1a6	1050
amplsolv.sy	f4fd4ea9	1312
arith.ibm	f398be2b	1391
arith.h0	e206209c	2309
arithchk.c	91ee1e0	5988
asl.h	9437749	40274
asl_pfg.h	6483336	1268
asl_pfgh.h	49b5a53	1288
asldate.c	f832eafa	29
atof.c	1fabc7d3	1747
auxinfo.c	1a3c8690	1488
avltree.c	10aeaa58	11346
avltree.h	13f23e7b	4693
b_search.c	eb0488d0	3172
basename.c	e48c8248	1505
bscanf.c	5d489dc	6288
com2eval.c	19216030	15916
comeval.c	f3f26fb1	2700
comptry.bat	e40861e9	209
con1ival.c	f6e91973	4827
con2ival.c	e7f57d43	4841
con2val.c	10678216	4633
conadj.c	bb213ed	2040
configure	1679ad6	1706
configurehere	1f384d7	1690
conpval.c	f399ea64	18084
conscale.c	9a0f9de	3482
conval.c	29180c4	4333
derprop.c	e1181b02	1359
details.c0	fa7ec7b3	182
dtoa.c	1f42de1	89141
dtoa1.c	f2e9a82e	3280
duthes.c	ea8758e9	3635
dvalue.hd	fedc7579	1104
dynlink.c	f185cc89	1375
errchk.h	18e45db4	1786
f_read.c	12b32457	1227
fg_read.c	1eeb24d6	36423
fg_write.c	e3ec5f71	17459
fgh_read.c	1c3f863d	34229
float.h0	11d95cda	1822
fpecatch.c	e1d8a914	1574
fpinit.c	356fa7d	5237
fpinitmt.c	1ba844c2	4928
fpsetprec.s	1d0b2972	535
fpsetprec64.s	987339e	488
fullhes.c	eeea81e	3978
func_add.c	f0fbaf4e	11444
funcadd.c	f4e86ce3	3493
funcadd.h	e7900b69	15627
funcadd0.c	10310942	1338
funcadd1.c	1606928f	10153
funcaddk.c	1913fb94	3359
funcaddr.c	fc16b89a	1197
g_fmt.c	efcfdd3b	3452
genrowno.c	1a8171dc	1805
getenv.c	e86c81a2	1466
getstub.c	1f8d7ded	12091
getstub.h	f70c1ca9	6982
htcl.c	ea2bb913	2277
indic_cons.c	9d4c47d	13922
jac0dim.c	dd9cfac	7405
jac2dim.c	e257e813	1682
jac2dim.h	1443ac51	2227
jacdim.c	ed5566c3	2109
jacinc.c	ef90060e	2276
jacinc1.c	e72cd01a	1999
jacpdim.h	e2b684dd	2483
libnamsave.c	f0184dd6	117
mach.c	ea56afd	2026
mainexit.c	e4761b9b	1713
makefile.lc	ea940ce9	5918
makefile.sy	ea330a52	5463
makefile.u	56da17a	11044
makefile.vc	e646bf46	7382
makefile.wat	8c66e42	5742
mip_pri.c	f1dd1d47	7887
misc.c	eb71fc54	25236
mpec_adj.c	e172a389	9468
mpec_adj0.c	efb8be74	70
mypow.c	1571ef65	2294
names.c	f8260637	3984
nl_obj.c	e8fa1e1	2560
nlp.h	f94bd3fd	5474
nlp2.h	e685079d	7241
nqpcheck.c	d3ba81d	17952
nqpcheckZ.c	15ca20a5	1188
obj2val.c	cd51a21	4255
obj_adj.c	4ed0edc	13342
obj_adj.h	eed794cf	2218
obj_adj0.c	ffe042be	67
obj_prec.c	fd065560	1440
objconst.c	11aa4770	2257
objval.c	1ba4b273	5294
objval_.c	f830a04e	3516
op_type.c	f0c0c4a8	1255
op_type.hd	46993b1	1265
op_typeb.hd	e07423bd	1265
opcode.hd	fa56de9c	1326
opnos.hd	1a7c2f8d	78
pfg_read.c	f318aac9	96062
pfghread.c	17af5404	1261
printf.c	170bd834	23874
pshvprod.c	fd72b115	29907
psinfo.h	e0790cf9	9917
punknown.c	fa46cf10	1704
qp_read.c	1d96a0fc	3944
qpcheck.c	16ec2d20	1782
qpcheckZ.c	e3d6416b	1526
qsortv.c	14eac08c	4858
r_op.hd	128e5aec	875
r_opn.hd	ebeac2d1	412
r_opn0.hd	728330d	342
r_qp.hd	ed73d1c5	164
readsol.c	eab56ecb	8145
repwhere.c	fc20b67f	10009
rnd_prod.s	f4996bed	1471
rops.c	ea67557e	18946
rops2.c	2285575	20090
sigcatch.c	e883ab2	2372
sjac0dim.c	ff686adb	1546
sos_add.c	fb5da0e8	23060
sphes.c	14b95417	26821
sprintf.c	e6ce1d45	3050
sscanf.c	f5a6f021	3327
stderr.c	a5a3dcf	2112
stdio1.h0	e6e5dc11	2909
strerror.c	1c5c813a	1362
studchk0.c	d87e575	1388
suf_sos.c	eebc4acf	12304
value.c	6854152	5847
writesol.c	10fbcee3	12065
wrtsol_.c	e8b23ad5	2429
ws_desc.c	fceb8f65	214
wsu_desc.c	fbb1c30c	170
x2check.c	fdc7785b	2286
xectim.c	1bd15ab6	3280
xp1known.c	57fd7db	3593
xp2known.c	1ab8b968	6407
