README	1e7ce361	7642
TABLES.RME	e1af6e2b	20602
amplodbc.c	e57ce5b0	71393
ampltabl.def	1da9d5ac	95
calories.tab	14a2b55e	528
diet.mod	f15d930d	394
diet2a.dat	7fbdd8f	865
diettab.x	ccfdc69	541
diettabw.x	fcfebaab	277
dietwrit.x	e79ea4c6	964
foods.tab	f0d6899d	149
fullbit.c	eac799ec	29059
makefile.linux32	ee29ea	2006
makefile.linux64	fb61be0b	2039
makefile.macosx32	117e7416	2029
makefile.macosx64	ff207cfa	2052
makefile.vc	1858c38d	1728
nutrients.tab	1328f000	107
simpbit.c	ee7ef53e	11755
tableproxy.c	fbae2add	67025
tableproxyver.h	150fb735	37
