README	1f1dbca8	10073
README.f77	f243657a	1891
amplsolv.lbc	f6c51c90	1064
amplsolv.sy	e4e94141	1329
arith.ibm	f398be2b	1391
arith.h0	e206209c	2309
arithchk.c	91ee1e0	5988
asl.h	94ac164	41299
asl_pfg.h	6483336	1268
asl_pfgh.h	49b5a53	1288
asldate.c	93cbd6f	29
atof.c	1fabc7d3	1747
auxinfo.c	1a3c8690	1488
avltree.c	10aeaa58	11346
avltree.h	13f23e7b	4693
b_search.c	eb0488d0	3172
basename.c	e48c8248	1505
bscanf.c	5d489dc	6288
com2eval.c	f99c0749	15949
comeval.c	f3f26fb1	2700
comptry.bat	e40861e9	209
con1ival.c	1a155afb	5259
con2ival.c	89ec7f7	5273
con2val.c	e4c17fce	4987
conadj.c	bb213ed	2040
configure	1679ad6	1706
configurehere	1f384d7	1690
conpval.c	1640068a	19233
conscale.c	9a0f9de	3482
conval.c	dc60eba	4690
derprop.c	e1181b02	1359
details.c0	fa7ec7b3	182
dtoa.c	cac9647	90108
dtoa1.c	1bc53c5d	3378
duthes.c	ea8758e9	3635
dvalue.hd	9606f1	1125
dynlink.c	f185cc89	1375
errchk.h	18e45db4	1786
f_read.c	12b32457	1227
fg_read.c	e45e1fa1	36537
fg_write.c	163779ef	17452
fgh_read.c	1fdec508	34343
float.h0	11d95cda	1822
fpecatch.c	e1d8a914	1574
fpinit.c	1aa8e913	5592
fpinitmt.c	1ba844c2	4928
fpsetprec.s	1d0b2972	535
fpsetprec64.s	987339e	488
fullhes.c	eeea81e	3978
func_add.c	f0fbaf4e	11444
funcadd.c	f4e86ce3	3493
funcadd.h	ea4c340e	16205
funcadd0.c	10310942	1338
funcadd1.c	ec16454a	10574
funcaddk.c	1913fb94	3359
funcaddr.c	fc16b89a	1197
g_fmt.c	efcfdd3b	3452
genrowno.c	1a8171dc	1805
getenv.c	e86c81a2	1466
getstub.c	130c33c9	13200
getstub.h	f626e91d	7079
htcl.c	ea2bb913	2277
indic_cons.c	9d4c47d	13922
jac0dim.c	ffdc4fef	6780
jac2dim.c	c2d8eba	1694
jac2dim.h	1443ac51	2227
jacdim.c	e2ace738	1794
jacinc.c	ef90060e	2276
jacinc1.c	e72cd01a	1999
jacpdim.h	e2b684dd	2483
libnamsave.c	f0184dd6	117
mach.c	ea56afd	2026
mainexit.c	e4761b9b	1713
makefile.lc	bc7c44	5996
makefile.sy	ffce60c9	5541
makefile.u	e3a6a0e0	11133
makefile.vc	1183e807	7460
makefile.wat	e4352fc6	5820
mip_pri.c	f1dd1d47	7887
misc.c	115234a	28960
mpec_adj.c	154bfdab	9372
mpec_adj0.c	efb8be74	70
mqpcheckv.c	58f6e67	19377
mypow.c	1571ef65	2294
names.c	f017c414	3925
nl_obj.c	e8fa1e1	2560
nlp.h	f94bd3fd	5474
nlp2.h	e685079d	7241
nqpcheck.c	f7214c83	17900
nqpcheckZ.c	15ca20a5	1188
obj2val.c	e8475ed7	4616
obj_adj.c	eb829e5	13466
obj_adj.h	eed794cf	2218
obj_adj0.c	ffe042be	67
obj_prec.c	fd065560	1440
objconst.c	b53a63b	2288
objval.c	f5435e0a	5720
objval_.c	f830a04e	3516
op_type.c	f0c0c4a8	1255
op_type.hd	f803bc0b	1287
op_typeb.hd	1c1e0c07	1287
opcode.hd	12bc8de3	1348
opnos.hd	1a7c2f8d	78
pfg_read.c	e430b4bf	96436
pfghread.c	103a4f82	1261
printf.c	e69c728e	23934
pshvprod.c	4651242	29940
psinfo.h	f2977d69	9957
punknown.c	fa46cf10	1704
qp_read.c	1ea0afab	3937
qpcheck.c	16ec2d20	1782
qpcheckZ.c	e3d6416b	1526
qsortv.c	14eac08c	4858
r_op.hd	fc6da923	890
r_opn.hd	e78c0980	412
r_opn0.hd	1057f615	342
r_qp.hd	ccd541f	184
readsol.c	e06d9a6d	8267
repwhere.c	eb0758d	10011
rnd_prod.s	f4996bed	1471
rops.c	e46f9678	18787
rops2.c	ed231a7b	19895
sigcatch.c	e883ab2	2372
sjac0dim.c	ff686adb	1546
sos_add.c	fb5da0e8	23060
sphes.c	14b95417	26821
sprintf.c	e6ce1d45	3050
sscanf.c	f5a6f021	3327
stderr.c	fd3d0b3d	2115
stdio1.h0	e6e5dc11	2909
strerror.c	1c5c813a	1362
studchk0.c	d87e575	1388
suf_sos.c	136739bf	12384
value.c	6854152	5847
writesol.c	e783bfe9	12157
wrtsol_.c	e8b23ad5	2429
ws_desc.c	fceb8f65	214
wsu_desc.c	fbb1c30c	170
x2check.c	10d74f9d	2351
xectim.c	1bd15ab6	3280
xp1known.c	ffc5b839	3658
xp2known.c	7d92f94	6472
